<?xml version="1.0" encoding="UTF-8"?>
<!-- Generated by org.testng.reporters.JUnitXMLReporter -->
<testsuite ignored="2" hostname="LAPTOP-JIILATFC" failures="0" tests="2" name="Test" time="13.646" errors="0" timestamp="20 Mar 2022 07:28:05 GMT">
  <testcase classname="purchaseP.TestClass" name="ClickingMenOption" time="0.324"/>
  <testcase classname="purchaseP.TestClass" name="selectingFilters" time="13.286"/>
  <testcase classname="purchaseP.BaseClass" name="@AfterSuite tearDown" time="0.0">
    <ignored/>
  </testcase> <!-- @AfterSuite tearDown -->
  <testcase classname="purchaseP.BaseClass" name="@BeforeSuite setUp" time="0.0">
    <ignored/>
  </testcase> <!-- @BeforeSuite setUp -->
</testsuite> <!-- Test -->
