<?xml version="1.0" encoding="UTF-8"?>
<testng-results ignored="0" total="2" passed="2" failed="0" skipped="0">
  <reporter-output>
  </reporter-output>
  <suite started-at="2022-03-20T07:30:26Z" name="Default suite" finished-at="2022-03-20T07:30:32Z" duration-ms="5283">
    <groups>
    </groups>
    <test started-at="2022-03-20T07:30:26Z" name="Default test" finished-at="2022-03-20T07:30:32Z" duration-ms="5283">
      <class name="purchaseP.TestClass">
        <test-method is-config="true" signature="setUp()[pri:0, instance:purchaseP.TestClass@5454d35e]" started-at="2022-03-20T07:30:19Z" name="setUp" finished-at="2022-03-20T07:30:26Z" duration-ms="7023" status="PASS">
          <reporter-output>
          </reporter-output>
        </test-method> <!-- setUp -->
        <test-method signature="ClickingMenOption()[pri:1, instance:purchaseP.TestClass@5454d35e]" started-at="2022-03-20T07:30:26Z" name="ClickingMenOption" finished-at="2022-03-20T07:30:27Z" duration-ms="341" status="PASS">
          <reporter-output>
          </reporter-output>
        </test-method> <!-- ClickingMenOption -->
        <test-method signature="selectingFilters()[pri:2, instance:purchaseP.TestClass@5454d35e]" started-at="2022-03-20T07:30:27Z" name="selectingFilters" finished-at="2022-03-20T07:30:32Z" duration-ms="4924" status="PASS">
          <reporter-output>
          </reporter-output>
        </test-method> <!-- selectingFilters -->
        <test-method is-config="true" signature="tearDown()[pri:0, instance:purchaseP.TestClass@5454d35e]" started-at="2022-03-20T07:30:32Z" name="tearDown" finished-at="2022-03-20T07:30:32Z" duration-ms="853" status="PASS">
          <reporter-output>
          </reporter-output>
        </test-method> <!-- tearDown -->
      </class> <!-- purchaseP.TestClass -->
    </test> <!-- Default test -->
  </suite> <!-- Default suite -->
</testng-results>
